running egg_info
writing ../../../build/sim_core/sim_core.egg-info/PKG-INFO
writing dependency_links to ../../../build/sim_core/sim_core.egg-info/dependency_links.txt
writing entry points to ../../../build/sim_core/sim_core.egg-info/entry_points.txt
writing requirements to ../../../build/sim_core/sim_core.egg-info/requires.txt
writing top-level names to ../../../build/sim_core/sim_core.egg-info/top_level.txt
reading manifest file '../../../build/sim_core/sim_core.egg-info/SOURCES.txt'
writing manifest file '../../../build/sim_core/sim_core.egg-info/SOURCES.txt'
running build
running build_py
running install
running install_lib
running install_data
copying package.xml -> /root/ws/install/sim_core/share/sim_core
copying launch/sim_rviz.launch.py -> /root/ws/install/sim_core/share/sim_core/launch
running install_egg_info
removing '/root/ws/install/sim_core/lib/python3.12/site-packages/sim_core-0.0.1-py3.12.egg-info' (and everything under it)
Copying ../../../build/sim_core/sim_core.egg-info to /root/ws/install/sim_core/lib/python3.12/site-packages/sim_core-0.0.1-py3.12.egg-info
running install_scripts
Installing mimic_perception script to /root/ws/install/sim_core/lib/sim_core
Installing sim_loop script to /root/ws/install/sim_core/lib/sim_core
Installing vehicle_dynamics script to /root/ws/install/sim_core/lib/sim_core
writing list of installed files to '/root/ws/build/sim_core/install.log'
