[0.264s] Invoking command in '/root/ws/ws/src/sim_core': PYTHONPATH=/root/ws/build/sim_core/prefix_override:/usr/lib/python3/dist-packages/colcon_core/task/python/colcon_distutils_commands:/root/ws/install/sim_core/lib/python3.12/site-packages:${PYTHONPATH} /usr/bin/python3 -W ignore:setup.py install is deprecated -W ignore:easy_install command is deprecated setup.py egg_info --egg-base ../../../build/sim_core build --build-base /root/ws/build/sim_core/build install --record /root/ws/build/sim_core/install.log --single-version-externally-managed install_data
[0.345s] running egg_info
[0.350s] writing ../../../build/sim_core/sim_core.egg-info/PKG-INFO
[0.351s] writing dependency_links to ../../../build/sim_core/sim_core.egg-info/dependency_links.txt
[0.351s] writing entry points to ../../../build/sim_core/sim_core.egg-info/entry_points.txt
[0.351s] writing requirements to ../../../build/sim_core/sim_core.egg-info/requires.txt
[0.352s] writing top-level names to ../../../build/sim_core/sim_core.egg-info/top_level.txt
[0.363s] reading manifest file '../../../build/sim_core/sim_core.egg-info/SOURCES.txt'
[0.364s] writing manifest file '../../../build/sim_core/sim_core.egg-info/SOURCES.txt'
[0.364s] running build
[0.365s] running build_py
[0.365s] copying sim_core/sim_loop.py -> /root/ws/build/sim_core/build/lib/sim_core
[0.369s] running install
[0.373s] running install_lib
[0.374s] copying /root/ws/build/sim_core/build/lib/sim_core/sim_loop.py -> /root/ws/install/sim_core/lib/python3.12/site-packages/sim_core
[0.375s] byte-compiling /root/ws/install/sim_core/lib/python3.12/site-packages/sim_core/sim_loop.py to sim_loop.cpython-312.pyc
[0.377s] running install_data
[0.378s] running install_egg_info
[0.383s] removing '/root/ws/install/sim_core/lib/python3.12/site-packages/sim_core-0.0.1-py3.12.egg-info' (and everything under it)
[0.384s] Copying ../../../build/sim_core/sim_core.egg-info to /root/ws/install/sim_core/lib/python3.12/site-packages/sim_core-0.0.1-py3.12.egg-info
[0.388s] running install_scripts
[0.429s] Installing mimic_perception script to /root/ws/install/sim_core/lib/sim_core
[0.430s] Installing sim_loop script to /root/ws/install/sim_core/lib/sim_core
[0.430s] Installing vehicle_dynamics script to /root/ws/install/sim_core/lib/sim_core
[0.431s] writing list of installed files to '/root/ws/build/sim_core/install.log'
[0.445s] Invoked command in '/root/ws/ws/src/sim_core' returned '0': PYTHONPATH=/root/ws/build/sim_core/prefix_override:/usr/lib/python3/dist-packages/colcon_core/task/python/colcon_distutils_commands:/root/ws/install/sim_core/lib/python3.12/site-packages:${PYTHONPATH} /usr/bin/python3 -W ignore:setup.py install is deprecated -W ignore:easy_install command is deprecated setup.py egg_info --egg-base ../../../build/sim_core build --build-base /root/ws/build/sim_core/build install --record /root/ws/build/sim_core/install.log --single-version-externally-managed install_data
