running egg_info
writing ../../../build/sim_core/sim_core.egg-info/PKG-INFO
writing dependency_links to ../../../build/sim_core/sim_core.egg-info/dependency_links.txt
writing entry points to ../../../build/sim_core/sim_core.egg-info/entry_points.txt
writing requirements to ../../../build/sim_core/sim_core.egg-info/requires.txt
writing top-level names to ../../../build/sim_core/sim_core.egg-info/top_level.txt
reading manifest file '../../../build/sim_core/sim_core.egg-info/SOURCES.txt'
writing manifest file '../../../build/sim_core/sim_core.egg-info/SOURCES.txt'
running build
running build_py
copying sim_core/vehicle_dynamics.py -> /root/ws/build/sim_core/build/lib/sim_core
copying sim_core/mimic_perception.py -> /root/ws/build/sim_core/build/lib/sim_core
running install
running install_lib
copying /root/ws/build/sim_core/build/lib/sim_core/vehicle_dynamics.py -> /root/ws/install/sim_core/lib/python3.12/site-packages/sim_core
copying /root/ws/build/sim_core/build/lib/sim_core/mimic_perception.py -> /root/ws/install/sim_core/lib/python3.12/site-packages/sim_core
byte-compiling /root/ws/install/sim_core/lib/python3.12/site-packages/sim_core/vehicle_dynamics.py to vehicle_dynamics.cpython-312.pyc
byte-compiling /root/ws/install/sim_core/lib/python3.12/site-packages/sim_core/mimic_perception.py to mimic_perception.cpython-312.pyc
running install_data
running install_egg_info
removing '/root/ws/install/sim_core/lib/python3.12/site-packages/sim_core-0.0.1-py3.12.egg-info' (and everything under it)
Copying ../../../build/sim_core/sim_core.egg-info to /root/ws/install/sim_core/lib/python3.12/site-packages/sim_core-0.0.1-py3.12.egg-info
running install_scripts
Installing mimic_perception script to /root/ws/install/sim_core/lib/sim_core
Installing vehicle_dynamics script to /root/ws/install/sim_core/lib/sim_core
writing list of installed files to '/root/ws/build/sim_core/install.log'
