[0.257s] Invoking command in '/root/ws/ws/src/sim_core': PYTHONPATH=/root/ws/build/sim_core/prefix_override:/usr/lib/python3/dist-packages/colcon_core/task/python/colcon_distutils_commands:/root/ws/install/sim_core/lib/python3.12/site-packages:${PYTHONPATH} /usr/bin/python3 -W ignore:setup.py install is deprecated -W ignore:easy_install command is deprecated setup.py egg_info --egg-base ../../../build/sim_core build --build-base /root/ws/build/sim_core/build install --record /root/ws/build/sim_core/install.log --single-version-externally-managed install_data
[0.338s] running egg_info
[0.342s] writing ../../../build/sim_core/sim_core.egg-info/PKG-INFO
[0.343s] writing dependency_links to ../../../build/sim_core/sim_core.egg-info/dependency_links.txt
[0.343s] writing entry points to ../../../build/sim_core/sim_core.egg-info/entry_points.txt
[0.344s] writing requirements to ../../../build/sim_core/sim_core.egg-info/requires.txt
[0.344s] writing top-level names to ../../../build/sim_core/sim_core.egg-info/top_level.txt
[0.355s] reading manifest file '../../../build/sim_core/sim_core.egg-info/SOURCES.txt'
[0.356s] writing manifest file '../../../build/sim_core/sim_core.egg-info/SOURCES.txt'
[0.356s] running build
[0.356s] running build_py
[0.357s] copying sim_core/vehicle_dynamics.py -> /root/ws/build/sim_core/build/lib/sim_core
[0.357s] copying sim_core/mimic_perception.py -> /root/ws/build/sim_core/build/lib/sim_core
[0.364s] running install
[0.364s] running install_lib
[0.366s] copying /root/ws/build/sim_core/build/lib/sim_core/vehicle_dynamics.py -> /root/ws/install/sim_core/lib/python3.12/site-packages/sim_core
[0.367s] copying /root/ws/build/sim_core/build/lib/sim_core/mimic_perception.py -> /root/ws/install/sim_core/lib/python3.12/site-packages/sim_core
[0.368s] byte-compiling /root/ws/install/sim_core/lib/python3.12/site-packages/sim_core/vehicle_dynamics.py to vehicle_dynamics.cpython-312.pyc
[0.370s] byte-compiling /root/ws/install/sim_core/lib/python3.12/site-packages/sim_core/mimic_perception.py to mimic_perception.cpython-312.pyc
[0.370s] running install_data
[0.372s] running install_egg_info
[0.376s] removing '/root/ws/install/sim_core/lib/python3.12/site-packages/sim_core-0.0.1-py3.12.egg-info' (and everything under it)
[0.377s] Copying ../../../build/sim_core/sim_core.egg-info to /root/ws/install/sim_core/lib/python3.12/site-packages/sim_core-0.0.1-py3.12.egg-info
[0.383s] running install_scripts
[0.421s] Installing mimic_perception script to /root/ws/install/sim_core/lib/sim_core
[0.421s] Installing vehicle_dynamics script to /root/ws/install/sim_core/lib/sim_core
[0.422s] writing list of installed files to '/root/ws/build/sim_core/install.log'
[0.435s] Invoked command in '/root/ws/ws/src/sim_core' returned '0': PYTHONPATH=/root/ws/build/sim_core/prefix_override:/usr/lib/python3/dist-packages/colcon_core/task/python/colcon_distutils_commands:/root/ws/install/sim_core/lib/python3.12/site-packages:${PYTHONPATH} /usr/bin/python3 -W ignore:setup.py install is deprecated -W ignore:easy_install command is deprecated setup.py egg_info --egg-base ../../../build/sim_core build --build-base /root/ws/build/sim_core/build install --record /root/ws/build/sim_core/install.log --single-version-externally-managed install_data
