[0.251s] Invoking command in '/root/ws/ws/src/sim_core': PYTHONPATH=/root/ws/build/sim_core/prefix_override:/usr/lib/python3/dist-packages/colcon_core/task/python/colcon_distutils_commands:/root/ws/install/sim_core/lib/python3.12/site-packages:${PYTHONPATH} /usr/bin/python3 -W ignore:setup.py install is deprecated -W ignore:easy_install command is deprecated setup.py egg_info --egg-base ../../../build/sim_core build --build-base /root/ws/build/sim_core/build install --record /root/ws/build/sim_core/install.log --single-version-externally-managed install_data
[0.329s] running egg_info
[0.332s] creating ../../../build/sim_core/sim_core.egg-info
[0.333s] writing ../../../build/sim_core/sim_core.egg-info/PKG-INFO
[0.334s] writing dependency_links to ../../../build/sim_core/sim_core.egg-info/dependency_links.txt
[0.335s] writing entry points to ../../../build/sim_core/sim_core.egg-info/entry_points.txt
[0.335s] writing requirements to ../../../build/sim_core/sim_core.egg-info/requires.txt
[0.335s] writing top-level names to ../../../build/sim_core/sim_core.egg-info/top_level.txt
[0.336s] writing manifest file '../../../build/sim_core/sim_core.egg-info/SOURCES.txt'
[0.346s] reading manifest file '../../../build/sim_core/sim_core.egg-info/SOURCES.txt'
[0.347s] writing manifest file '../../../build/sim_core/sim_core.egg-info/SOURCES.txt'
[0.347s] running build
[0.347s] running build_py
[0.348s] creating /root/ws/build/sim_core/build
[0.348s] creating /root/ws/build/sim_core/build/lib
[0.348s] creating /root/ws/build/sim_core/build/lib/sim_core
[0.349s] copying sim_core/__init__.py -> /root/ws/build/sim_core/build/lib/sim_core
[0.349s] copying sim_core/vehicle_dynamics.py -> /root/ws/build/sim_core/build/lib/sim_core
[0.350s] copying sim_core/mimic_perception.py -> /root/ws/build/sim_core/build/lib/sim_core
[0.350s] copying sim_core/state.py -> /root/ws/build/sim_core/build/lib/sim_core
[0.355s] running install
[0.355s] running install_lib
[0.359s] creating /root/ws/install/sim_core/lib/python3.12/site-packages/sim_core
[0.360s] copying /root/ws/build/sim_core/build/lib/sim_core/__init__.py -> /root/ws/install/sim_core/lib/python3.12/site-packages/sim_core
[0.360s] copying /root/ws/build/sim_core/build/lib/sim_core/vehicle_dynamics.py -> /root/ws/install/sim_core/lib/python3.12/site-packages/sim_core
[0.361s] copying /root/ws/build/sim_core/build/lib/sim_core/mimic_perception.py -> /root/ws/install/sim_core/lib/python3.12/site-packages/sim_core
[0.361s] copying /root/ws/build/sim_core/build/lib/sim_core/state.py -> /root/ws/install/sim_core/lib/python3.12/site-packages/sim_core
[0.362s] byte-compiling /root/ws/install/sim_core/lib/python3.12/site-packages/sim_core/__init__.py to __init__.cpython-312.pyc
[0.363s] byte-compiling /root/ws/install/sim_core/lib/python3.12/site-packages/sim_core/vehicle_dynamics.py to vehicle_dynamics.cpython-312.pyc
[0.364s] byte-compiling /root/ws/install/sim_core/lib/python3.12/site-packages/sim_core/mimic_perception.py to mimic_perception.cpython-312.pyc
[0.365s] byte-compiling /root/ws/install/sim_core/lib/python3.12/site-packages/sim_core/state.py to state.cpython-312.pyc
[0.365s] running install_data
[0.365s] creating /root/ws/install/sim_core/share/ament_index
[0.366s] creating /root/ws/install/sim_core/share/ament_index/resource_index
[0.366s] creating /root/ws/install/sim_core/share/ament_index/resource_index/packages
[0.366s] copying resource/sim_core -> /root/ws/install/sim_core/share/ament_index/resource_index/packages
[0.367s] copying package.xml -> /root/ws/install/sim_core/share/sim_core
[0.367s] copying README.md -> /root/ws/install/sim_core/share/sim_core
[0.368s] creating /root/ws/install/sim_core/share/sim_core/launch
[0.368s] copying launch/sim_launch.py -> /root/ws/install/sim_core/share/sim_core/launch
[0.369s] running install_egg_info
[0.375s] Copying ../../../build/sim_core/sim_core.egg-info to /root/ws/install/sim_core/lib/python3.12/site-packages/sim_core-0.0.1-py3.12.egg-info
[0.379s] running install_scripts
[0.417s] Installing mimic_perception script to /root/ws/install/sim_core/lib/sim_core
[0.418s] Installing vehicle_dynamics script to /root/ws/install/sim_core/lib/sim_core
[0.419s] writing list of installed files to '/root/ws/build/sim_core/install.log'
[0.431s] Invoked command in '/root/ws/ws/src/sim_core' returned '0': PYTHONPATH=/root/ws/build/sim_core/prefix_override:/usr/lib/python3/dist-packages/colcon_core/task/python/colcon_distutils_commands:/root/ws/install/sim_core/lib/python3.12/site-packages:${PYTHONPATH} /usr/bin/python3 -W ignore:setup.py install is deprecated -W ignore:easy_install command is deprecated setup.py egg_info --egg-base ../../../build/sim_core build --build-base /root/ws/build/sim_core/build install --record /root/ws/build/sim_core/install.log --single-version-externally-managed install_data
