[0.077s] DEBUG:colcon:Command line arguments: ['/usr/bin/colcon', 'build', '--packages-select', 'sim_msgs']
[0.077s] DEBUG:colcon:Parsed command line arguments: Namespace(log_base=None, log_level=None, verb_name='build', build_base='build', install_base='install', merge_install=False, symlink_install=False, test_result_base=None, continue_on_error=False, executor='parallel', parallel_workers=8, event_handlers=None, ignore_user_meta=False, metas=['./colcon.meta'], base_paths=['.'], packages_ignore=None, packages_ignore_regex=None, paths=None, packages_up_to=None, packages_up_to_regex=None, packages_above=None, packages_above_and_dependencies=None, packages_above_depth=None, packages_select_by_dep=None, packages_skip_by_dep=None, packages_skip_up_to=None, packages_select_build_failed=False, packages_skip_build_finished=False, packages_select_test_failures=False, packages_skip_test_passed=False, packages_select=['sim_msgs'], packages_skip=None, packages_select_regex=None, packages_skip_regex=None, packages_start=None, packages_end=None, cmake_args=None, cmake_target=None, cmake_target_skip_unavailable=False, cmake_clean_cache=False, cmake_clean_first=False, cmake_force_configure=False, ament_cmake_args=None, catkin_cmake_args=None, catkin_skip_building_tests=False, verb_parser=<colcon_defaults.argument_parser.defaults.DefaultArgumentsDecorator object at 0xffffb70be0f0>, verb_extension=<colcon_core.verb.build.BuildVerb object at 0xffffb70bdee0>, main=<bound method BuildVerb.main of <colcon_core.verb.build.BuildVerb object at 0xffffb70bdee0>>)
[0.108s] Level 1:colcon.colcon_core.package_discovery:discover_packages(colcon_meta) check parameters
[0.108s] Level 1:colcon.colcon_core.package_discovery:discover_packages(recursive) check parameters
[0.108s] Level 1:colcon.colcon_core.package_discovery:discover_packages(ignore) check parameters
[0.108s] Level 1:colcon.colcon_core.package_discovery:discover_packages(path) check parameters
[0.108s] Level 1:colcon.colcon_core.package_discovery:discover_packages(colcon_meta) discover
[0.108s] Level 1:colcon.colcon_core.package_discovery:discover_packages(recursive) discover
[0.108s] INFO:colcon.colcon_core.package_discovery:Crawling recursively for packages in '/root/ws'
[0.108s] Level 1:colcon.colcon_core.package_identification:_identify(.) by extensions ['ignore', 'ignore_ament_install']
[0.109s] Level 1:colcon.colcon_core.package_identification:_identify(.) by extension 'ignore'
[0.109s] Level 1:colcon.colcon_core.package_identification:_identify(.) by extension 'ignore_ament_install'
[0.109s] Level 1:colcon.colcon_core.package_identification:_identify(.) by extensions ['colcon_pkg']
[0.109s] Level 1:colcon.colcon_core.package_identification:_identify(.) by extension 'colcon_pkg'
[0.109s] Level 1:colcon.colcon_core.package_identification:_identify(.) by extensions ['colcon_meta']
[0.109s] Level 1:colcon.colcon_core.package_identification:_identify(.) by extension 'colcon_meta'
[0.109s] Level 1:colcon.colcon_core.package_identification:_identify(.) by extensions ['ros']
[0.109s] Level 1:colcon.colcon_core.package_identification:_identify(.) by extension 'ros'
[0.126s] Level 1:colcon.colcon_core.package_identification:_identify(.) by extensions ['cmake', 'python']
[0.126s] Level 1:colcon.colcon_core.package_identification:_identify(.) by extension 'cmake'
[0.126s] Level 1:colcon.colcon_core.package_identification:_identify(.) by extension 'python'
[0.126s] Level 1:colcon.colcon_core.package_identification:_identify(.) by extensions ['python_setup_py']
[0.126s] Level 1:colcon.colcon_core.package_identification:_identify(.) by extension 'python_setup_py'
[0.126s] Level 1:colcon.colcon_core.package_identification:_identify(build) by extensions ['ignore', 'ignore_ament_install']
[0.126s] Level 1:colcon.colcon_core.package_identification:_identify(build) by extension 'ignore'
[0.126s] Level 1:colcon.colcon_core.package_identification:_identify(build) ignored
[0.127s] Level 1:colcon.colcon_core.package_identification:_identify(docker) by extensions ['ignore', 'ignore_ament_install']
[0.127s] Level 1:colcon.colcon_core.package_identification:_identify(docker) by extension 'ignore'
[0.127s] Level 1:colcon.colcon_core.package_identification:_identify(docker) by extension 'ignore_ament_install'
[0.127s] Level 1:colcon.colcon_core.package_identification:_identify(docker) by extensions ['colcon_pkg']
[0.127s] Level 1:colcon.colcon_core.package_identification:_identify(docker) by extension 'colcon_pkg'
[0.127s] Level 1:colcon.colcon_core.package_identification:_identify(docker) by extensions ['colcon_meta']
[0.127s] Level 1:colcon.colcon_core.package_identification:_identify(docker) by extension 'colcon_meta'
[0.127s] Level 1:colcon.colcon_core.package_identification:_identify(docker) by extensions ['ros']
[0.127s] Level 1:colcon.colcon_core.package_identification:_identify(docker) by extension 'ros'
[0.127s] Level 1:colcon.colcon_core.package_identification:_identify(docker) by extensions ['cmake', 'python']
[0.127s] Level 1:colcon.colcon_core.package_identification:_identify(docker) by extension 'cmake'
[0.127s] Level 1:colcon.colcon_core.package_identification:_identify(docker) by extension 'python'
[0.127s] Level 1:colcon.colcon_core.package_identification:_identify(docker) by extensions ['python_setup_py']
[0.127s] Level 1:colcon.colcon_core.package_identification:_identify(docker) by extension 'python_setup_py'
[0.128s] Level 1:colcon.colcon_core.package_identification:_identify(install) by extensions ['ignore', 'ignore_ament_install']
[0.128s] Level 1:colcon.colcon_core.package_identification:_identify(install) by extension 'ignore'
[0.128s] Level 1:colcon.colcon_core.package_identification:_identify(install) ignored
[0.128s] Level 1:colcon.colcon_core.package_identification:_identify(log) by extensions ['ignore', 'ignore_ament_install']
[0.128s] Level 1:colcon.colcon_core.package_identification:_identify(log) by extension 'ignore'
[0.128s] Level 1:colcon.colcon_core.package_identification:_identify(log) ignored
[0.128s] Level 1:colcon.colcon_core.package_identification:_identify(scripts) by extensions ['ignore', 'ignore_ament_install']
[0.128s] Level 1:colcon.colcon_core.package_identification:_identify(scripts) by extension 'ignore'
[0.128s] Level 1:colcon.colcon_core.package_identification:_identify(scripts) by extension 'ignore_ament_install'
[0.128s] Level 1:colcon.colcon_core.package_identification:_identify(scripts) by extensions ['colcon_pkg']
[0.128s] Level 1:colcon.colcon_core.package_identification:_identify(scripts) by extension 'colcon_pkg'
[0.128s] Level 1:colcon.colcon_core.package_identification:_identify(scripts) by extensions ['colcon_meta']
[0.128s] Level 1:colcon.colcon_core.package_identification:_identify(scripts) by extension 'colcon_meta'
[0.129s] Level 1:colcon.colcon_core.package_identification:_identify(scripts) by extensions ['ros']
[0.129s] Level 1:colcon.colcon_core.package_identification:_identify(scripts) by extension 'ros'
[0.129s] Level 1:colcon.colcon_core.package_identification:_identify(scripts) by extensions ['cmake', 'python']
[0.129s] Level 1:colcon.colcon_core.package_identification:_identify(scripts) by extension 'cmake'
[0.129s] Level 1:colcon.colcon_core.package_identification:_identify(scripts) by extension 'python'
[0.129s] Level 1:colcon.colcon_core.package_identification:_identify(scripts) by extensions ['python_setup_py']
[0.129s] Level 1:colcon.colcon_core.package_identification:_identify(scripts) by extension 'python_setup_py'
[0.129s] Level 1:colcon.colcon_core.package_identification:_identify(ws) by extensions ['ignore', 'ignore_ament_install']
[0.129s] Level 1:colcon.colcon_core.package_identification:_identify(ws) by extension 'ignore'
[0.129s] Level 1:colcon.colcon_core.package_identification:_identify(ws) by extension 'ignore_ament_install'
[0.129s] Level 1:colcon.colcon_core.package_identification:_identify(ws) by extensions ['colcon_pkg']
[0.129s] Level 1:colcon.colcon_core.package_identification:_identify(ws) by extension 'colcon_pkg'
[0.129s] Level 1:colcon.colcon_core.package_identification:_identify(ws) by extensions ['colcon_meta']
[0.129s] Level 1:colcon.colcon_core.package_identification:_identify(ws) by extension 'colcon_meta'
[0.130s] Level 1:colcon.colcon_core.package_identification:_identify(ws) by extensions ['ros']
[0.130s] Level 1:colcon.colcon_core.package_identification:_identify(ws) by extension 'ros'
[0.130s] Level 1:colcon.colcon_core.package_identification:_identify(ws) by extensions ['cmake', 'python']
[0.130s] Level 1:colcon.colcon_core.package_identification:_identify(ws) by extension 'cmake'
[0.130s] Level 1:colcon.colcon_core.package_identification:_identify(ws) by extension 'python'
[0.130s] Level 1:colcon.colcon_core.package_identification:_identify(ws) by extensions ['python_setup_py']
[0.130s] Level 1:colcon.colcon_core.package_identification:_identify(ws) by extension 'python_setup_py'
[0.130s] Level 1:colcon.colcon_core.package_identification:_identify(ws/src) by extensions ['ignore', 'ignore_ament_install']
[0.130s] Level 1:colcon.colcon_core.package_identification:_identify(ws/src) by extension 'ignore'
[0.130s] Level 1:colcon.colcon_core.package_identification:_identify(ws/src) by extension 'ignore_ament_install'
[0.130s] Level 1:colcon.colcon_core.package_identification:_identify(ws/src) by extensions ['colcon_pkg']
[0.130s] Level 1:colcon.colcon_core.package_identification:_identify(ws/src) by extension 'colcon_pkg'
[0.130s] Level 1:colcon.colcon_core.package_identification:_identify(ws/src) by extensions ['colcon_meta']
[0.130s] Level 1:colcon.colcon_core.package_identification:_identify(ws/src) by extension 'colcon_meta'
[0.130s] Level 1:colcon.colcon_core.package_identification:_identify(ws/src) by extensions ['ros']
[0.130s] Level 1:colcon.colcon_core.package_identification:_identify(ws/src) by extension 'ros'
[0.131s] Level 1:colcon.colcon_core.package_identification:_identify(ws/src) by extensions ['cmake', 'python']
[0.131s] Level 1:colcon.colcon_core.package_identification:_identify(ws/src) by extension 'cmake'
[0.131s] Level 1:colcon.colcon_core.package_identification:_identify(ws/src) by extension 'python'
[0.131s] Level 1:colcon.colcon_core.package_identification:_identify(ws/src) by extensions ['python_setup_py']
[0.131s] Level 1:colcon.colcon_core.package_identification:_identify(ws/src) by extension 'python_setup_py'
[0.131s] Level 1:colcon.colcon_core.package_identification:_identify(ws/src/sim_core) by extensions ['ignore', 'ignore_ament_install']
[0.131s] Level 1:colcon.colcon_core.package_identification:_identify(ws/src/sim_core) by extension 'ignore'
[0.131s] Level 1:colcon.colcon_core.package_identification:_identify(ws/src/sim_core) by extension 'ignore_ament_install'
[0.131s] Level 1:colcon.colcon_core.package_identification:_identify(ws/src/sim_core) by extensions ['colcon_pkg']
[0.131s] Level 1:colcon.colcon_core.package_identification:_identify(ws/src/sim_core) by extension 'colcon_pkg'
[0.131s] Level 1:colcon.colcon_core.package_identification:_identify(ws/src/sim_core) by extensions ['colcon_meta']
[0.131s] Level 1:colcon.colcon_core.package_identification:_identify(ws/src/sim_core) by extension 'colcon_meta'
[0.131s] Level 1:colcon.colcon_core.package_identification:_identify(ws/src/sim_core) by extensions ['ros']
[0.131s] Level 1:colcon.colcon_core.package_identification:_identify(ws/src/sim_core) by extension 'ros'
[0.133s] DEBUG:colcon.colcon_core.package_identification:Package 'ws/src/sim_core' with type 'ros.ament_python' and name 'sim_core'
[0.134s] Level 1:colcon.colcon_core.package_discovery:discover_packages(recursive) using defaults
[0.134s] Level 1:colcon.colcon_core.package_discovery:discover_packages(ignore) discover
[0.134s] Level 1:colcon.colcon_core.package_discovery:discover_packages(ignore) using defaults
[0.134s] Level 1:colcon.colcon_core.package_discovery:discover_packages(path) discover
[0.134s] Level 1:colcon.colcon_core.package_discovery:discover_packages(path) using defaults
[0.134s] WARNING:colcon.colcon_core.package_selection:ignoring unknown package 'sim_msgs' in --packages-select
[0.145s] INFO:colcon.colcon_core.package_selection:Skipping not selected package 'sim_core' in 'ws/src/sim_core'
[0.145s] INFO:colcon.colcon_core.executor:Executing jobs using 'parallel' executor
[0.145s] DEBUG:colcon.colcon_parallel_executor.executor.parallel:run_until_complete
[0.145s] DEBUG:colcon.colcon_parallel_executor.executor.parallel:closing loop
[0.145s] DEBUG:colcon.colcon_parallel_executor.executor.parallel:loop closed
[0.145s] DEBUG:colcon.colcon_parallel_executor.executor.parallel:run_until_complete finished with '0'
[0.145s] DEBUG:colcon.colcon_core.event_reactor:joining thread
[0.156s] INFO:colcon.colcon_core.plugin_system:Skipping extension 'colcon_notification.desktop_notification.notify_send': Could not find 'notify-send'
[0.156s] INFO:colcon.colcon_core.plugin_system:Skipping extension 'colcon_notification.desktop_notification.terminal_notifier': Not used on non-Darwin systems
[0.156s] INFO:colcon.colcon_core.plugin_system:Skipping extension 'colcon_notification.desktop_notification.win32': Not used on non-Windows systems
[0.156s] INFO:colcon.colcon_notification.desktop_notification:Sending desktop notification using 'notify2'
[0.156s] DEBUG:colcon.colcon_notification.desktop_notification.notify2:Failed to initialize notify2: org.freedesktop.DBus.Error.NotSupported: Unable to autolaunch a dbus-daemon without a $DISPLAY for X11
[0.156s] DEBUG:colcon.colcon_core.event_reactor:joined thread
[0.159s] INFO:colcon.colcon_core.plugin_system:Skipping extension 'colcon_core.shell.bat': Not used on non-Windows systems
[0.159s] INFO:colcon.colcon_core.shell:Creating prefix script '/root/ws/install/local_setup.ps1'
[0.159s] INFO:colcon.colcon_core.shell:Creating prefix util module '/root/ws/install/_local_setup_util_ps1.py'
[0.160s] INFO:colcon.colcon_core.shell:Creating prefix chain script '/root/ws/install/setup.ps1'
[0.161s] INFO:colcon.colcon_core.shell:Creating prefix script '/root/ws/install/local_setup.sh'
[0.162s] INFO:colcon.colcon_core.shell:Creating prefix util module '/root/ws/install/_local_setup_util_sh.py'
[0.162s] INFO:colcon.colcon_core.shell:Creating prefix chain script '/root/ws/install/setup.sh'
[0.163s] INFO:colcon.colcon_core.shell:Creating prefix script '/root/ws/install/local_setup.bash'
[0.164s] INFO:colcon.colcon_core.shell:Creating prefix chain script '/root/ws/install/setup.bash'
[0.164s] INFO:colcon.colcon_core.shell:Creating prefix script '/root/ws/install/local_setup.zsh'
[0.165s] INFO:colcon.colcon_core.shell:Creating prefix chain script '/root/ws/install/setup.zsh'
[0.036s] DEBUG:colcon:Command line arguments: ['/usr/bin/colcon', 'build', '--packages-select', 'sim_core']
[0.037s] DEBUG:colcon:Parsed command line arguments: Namespace(log_base=None, log_level=None, verb_name='build', build_base='build', install_base='install', merge_install=False, symlink_install=False, test_result_base=None, continue_on_error=False, executor='parallel', parallel_workers=8, event_handlers=None, ignore_user_meta=False, metas=['./colcon.meta'], base_paths=['.'], packages_ignore=None, packages_ignore_regex=None, paths=None, packages_up_to=None, packages_up_to_regex=None, packages_above=None, packages_above_and_dependencies=None, packages_above_depth=None, packages_select_by_dep=None, packages_skip_by_dep=None, packages_skip_up_to=None, packages_select_build_failed=False, packages_skip_build_finished=False, packages_select_test_failures=False, packages_skip_test_passed=False, packages_select=['sim_core'], packages_skip=None, packages_select_regex=None, packages_skip_regex=None, packages_start=None, packages_end=None, cmake_args=None, cmake_target=None, cmake_target_skip_unavailable=False, cmake_clean_cache=False, cmake_clean_first=False, cmake_force_configure=False, ament_cmake_args=None, catkin_cmake_args=None, catkin_skip_building_tests=False, verb_parser=<colcon_defaults.argument_parser.defaults.DefaultArgumentsDecorator object at 0xffffa7a4a2d0>, verb_extension=<colcon_core.verb.build.BuildVerb object at 0xffffa7a4a210>, main=<bound method BuildVerb.main of <colcon_core.verb.build.BuildVerb object at 0xffffa7a4a210>>)
[0.051s] Level 1:colcon.colcon_core.package_discovery:discover_packages(colcon_meta) check parameters
[0.051s] Level 1:colcon.colcon_core.package_discovery:discover_packages(recursive) check parameters
[0.051s] Level 1:colcon.colcon_core.package_discovery:discover_packages(ignore) check parameters
[0.051s] Level 1:colcon.colcon_core.package_discovery:discover_packages(path) check parameters
[0.052s] Level 1:colcon.colcon_core.package_discovery:discover_packages(colcon_meta) discover
[0.052s] Level 1:colcon.colcon_core.package_discovery:discover_packages(recursive) discover
[0.052s] INFO:colcon.colcon_core.package_discovery:Crawling recursively for packages in '/root/ws'
[0.052s] Level 1:colcon.colcon_core.package_identification:_identify(.) by extensions ['ignore', 'ignore_ament_install']
[0.052s] Level 1:colcon.colcon_core.package_identification:_identify(.) by extension 'ignore'
[0.052s] Level 1:colcon.colcon_core.package_identification:_identify(.) by extension 'ignore_ament_install'
[0.052s] Level 1:colcon.colcon_core.package_identification:_identify(.) by extensions ['colcon_pkg']
[0.052s] Level 1:colcon.colcon_core.package_identification:_identify(.) by extension 'colcon_pkg'
[0.052s] Level 1:colcon.colcon_core.package_identification:_identify(.) by extensions ['colcon_meta']
[0.052s] Level 1:colcon.colcon_core.package_identification:_identify(.) by extension 'colcon_meta'
[0.052s] Level 1:colcon.colcon_core.package_identification:_identify(.) by extensions ['ros']
[0.052s] Level 1:colcon.colcon_core.package_identification:_identify(.) by extension 'ros'
[0.062s] Level 1:colcon.colcon_core.package_identification:_identify(.) by extensions ['cmake', 'python']
[0.062s] Level 1:colcon.colcon_core.package_identification:_identify(.) by extension 'cmake'
[0.062s] Level 1:colcon.colcon_core.package_identification:_identify(.) by extension 'python'
[0.062s] Level 1:colcon.colcon_core.package_identification:_identify(.) by extensions ['python_setup_py']
[0.063s] Level 1:colcon.colcon_core.package_identification:_identify(.) by extension 'python_setup_py'
[0.063s] Level 1:colcon.colcon_core.package_identification:_identify(build) by extensions ['ignore', 'ignore_ament_install']
[0.063s] Level 1:colcon.colcon_core.package_identification:_identify(build) by extension 'ignore'
[0.063s] Level 1:colcon.colcon_core.package_identification:_identify(build) ignored
[0.063s] Level 1:colcon.colcon_core.package_identification:_identify(docker) by extensions ['ignore', 'ignore_ament_install']
[0.063s] Level 1:colcon.colcon_core.package_identification:_identify(docker) by extension 'ignore'
[0.063s] Level 1:colcon.colcon_core.package_identification:_identify(docker) by extension 'ignore_ament_install'
[0.063s] Level 1:colcon.colcon_core.package_identification:_identify(docker) by extensions ['colcon_pkg']
[0.063s] Level 1:colcon.colcon_core.package_identification:_identify(docker) by extension 'colcon_pkg'
[0.063s] Level 1:colcon.colcon_core.package_identification:_identify(docker) by extensions ['colcon_meta']
[0.063s] Level 1:colcon.colcon_core.package_identification:_identify(docker) by extension 'colcon_meta'
[0.064s] Level 1:colcon.colcon_core.package_identification:_identify(docker) by extensions ['ros']
[0.064s] Level 1:colcon.colcon_core.package_identification:_identify(docker) by extension 'ros'
[0.064s] Level 1:colcon.colcon_core.package_identification:_identify(docker) by extensions ['cmake', 'python']
[0.064s] Level 1:colcon.colcon_core.package_identification:_identify(docker) by extension 'cmake'
[0.064s] Level 1:colcon.colcon_core.package_identification:_identify(docker) by extension 'python'
[0.064s] Level 1:colcon.colcon_core.package_identification:_identify(docker) by extensions ['python_setup_py']
[0.064s] Level 1:colcon.colcon_core.package_identification:_identify(docker) by extension 'python_setup_py'
[0.064s] Level 1:colcon.colcon_core.package_identification:_identify(install) by extensions ['ignore', 'ignore_ament_install']
[0.064s] Level 1:colcon.colcon_core.package_identification:_identify(install) by extension 'ignore'
[0.064s] Level 1:colcon.colcon_core.package_identification:_identify(install) ignored
[0.065s] Level 1:colcon.colcon_core.package_identification:_identify(log) by extensions ['ignore', 'ignore_ament_install']
[0.065s] Level 1:colcon.colcon_core.package_identification:_identify(log) by extension 'ignore'
[0.065s] Level 1:colcon.colcon_core.package_identification:_identify(log) ignored
[0.065s] Level 1:colcon.colcon_core.package_identification:_identify(scripts) by extensions ['ignore', 'ignore_ament_install']
[0.065s] Level 1:colcon.colcon_core.package_identification:_identify(scripts) by extension 'ignore'
[0.065s] Level 1:colcon.colcon_core.package_identification:_identify(scripts) by extension 'ignore_ament_install'
[0.065s] Level 1:colcon.colcon_core.package_identification:_identify(scripts) by extensions ['colcon_pkg']
[0.065s] Level 1:colcon.colcon_core.package_identification:_identify(scripts) by extension 'colcon_pkg'
[0.065s] Level 1:colcon.colcon_core.package_identification:_identify(scripts) by extensions ['colcon_meta']
[0.066s] Level 1:colcon.colcon_core.package_identification:_identify(scripts) by extension 'colcon_meta'
[0.066s] Level 1:colcon.colcon_core.package_identification:_identify(scripts) by extensions ['ros']
[0.066s] Level 1:colcon.colcon_core.package_identification:_identify(scripts) by extension 'ros'
[0.066s] Level 1:colcon.colcon_core.package_identification:_identify(scripts) by extensions ['cmake', 'python']
[0.066s] Level 1:colcon.colcon_core.package_identification:_identify(scripts) by extension 'cmake'
[0.066s] Level 1:colcon.colcon_core.package_identification:_identify(scripts) by extension 'python'
[0.066s] Level 1:colcon.colcon_core.package_identification:_identify(scripts) by extensions ['python_setup_py']
[0.066s] Level 1:colcon.colcon_core.package_identification:_identify(scripts) by extension 'python_setup_py'
[0.066s] Level 1:colcon.colcon_core.package_identification:_identify(ws) by extensions ['ignore', 'ignore_ament_install']
[0.066s] Level 1:colcon.colcon_core.package_identification:_identify(ws) by extension 'ignore'
[0.066s] Level 1:colcon.colcon_core.package_identification:_identify(ws) by extension 'ignore_ament_install'
[0.066s] Level 1:colcon.colcon_core.package_identification:_identify(ws) by extensions ['colcon_pkg']
[0.067s] Level 1:colcon.colcon_core.package_identification:_identify(ws) by extension 'colcon_pkg'
[0.067s] Level 1:colcon.colcon_core.package_identification:_identify(ws) by extensions ['colcon_meta']
[0.067s] Level 1:colcon.colcon_core.package_identification:_identify(ws) by extension 'colcon_meta'
[0.067s] Level 1:colcon.colcon_core.package_identification:_identify(ws) by extensions ['ros']
[0.067s] Level 1:colcon.colcon_core.package_identification:_identify(ws) by extension 'ros'
[0.067s] Level 1:colcon.colcon_core.package_identification:_identify(ws) by extensions ['cmake', 'python']
[0.067s] Level 1:colcon.colcon_core.package_identification:_identify(ws) by extension 'cmake'
[0.067s] Level 1:colcon.colcon_core.package_identification:_identify(ws) by extension 'python'
[0.067s] Level 1:colcon.colcon_core.package_identification:_identify(ws) by extensions ['python_setup_py']
[0.067s] Level 1:colcon.colcon_core.package_identification:_identify(ws) by extension 'python_setup_py'
[0.067s] Level 1:colcon.colcon_core.package_identification:_identify(ws/src) by extensions ['ignore', 'ignore_ament_install']
[0.067s] Level 1:colcon.colcon_core.package_identification:_identify(ws/src) by extension 'ignore'
[0.067s] Level 1:colcon.colcon_core.package_identification:_identify(ws/src) by extension 'ignore_ament_install'
[0.068s] Level 1:colcon.colcon_core.package_identification:_identify(ws/src) by extensions ['colcon_pkg']
[0.068s] Level 1:colcon.colcon_core.package_identification:_identify(ws/src) by extension 'colcon_pkg'
[0.068s] Level 1:colcon.colcon_core.package_identification:_identify(ws/src) by extensions ['colcon_meta']
[0.068s] Level 1:colcon.colcon_core.package_identification:_identify(ws/src) by extension 'colcon_meta'
[0.068s] Level 1:colcon.colcon_core.package_identification:_identify(ws/src) by extensions ['ros']
[0.068s] Level 1:colcon.colcon_core.package_identification:_identify(ws/src) by extension 'ros'
[0.068s] Level 1:colcon.colcon_core.package_identification:_identify(ws/src) by extensions ['cmake', 'python']
[0.068s] Level 1:colcon.colcon_core.package_identification:_identify(ws/src) by extension 'cmake'
[0.068s] Level 1:colcon.colcon_core.package_identification:_identify(ws/src) by extension 'python'
[0.068s] Level 1:colcon.colcon_core.package_identification:_identify(ws/src) by extensions ['python_setup_py']
[0.068s] Level 1:colcon.colcon_core.package_identification:_identify(ws/src) by extension 'python_setup_py'
[0.068s] Level 1:colcon.colcon_core.package_identification:_identify(ws/src/sim_core) by extensions ['ignore', 'ignore_ament_install']
[0.069s] Level 1:colcon.colcon_core.package_identification:_identify(ws/src/sim_core) by extension 'ignore'
[0.069s] Level 1:colcon.colcon_core.package_identification:_identify(ws/src/sim_core) by extension 'ignore_ament_install'
[0.069s] Level 1:colcon.colcon_core.package_identification:_identify(ws/src/sim_core) by extensions ['colcon_pkg']
[0.069s] Level 1:colcon.colcon_core.package_identification:_identify(ws/src/sim_core) by extension 'colcon_pkg'
[0.069s] Level 1:colcon.colcon_core.package_identification:_identify(ws/src/sim_core) by extensions ['colcon_meta']
[0.069s] Level 1:colcon.colcon_core.package_identification:_identify(ws/src/sim_core) by extension 'colcon_meta'
[0.069s] Level 1:colcon.colcon_core.package_identification:_identify(ws/src/sim_core) by extensions ['ros']
[0.069s] Level 1:colcon.colcon_core.package_identification:_identify(ws/src/sim_core) by extension 'ros'
[0.070s] DEBUG:colcon.colcon_core.package_identification:Package 'ws/src/sim_core' with type 'ros.ament_python' and name 'sim_core'
[0.070s] Level 1:colcon.colcon_core.package_discovery:discover_packages(recursive) using defaults
[0.070s] Level 1:colcon.colcon_core.package_discovery:discover_packages(ignore) discover
[0.070s] Level 1:colcon.colcon_core.package_discovery:discover_packages(ignore) using defaults
[0.071s] Level 1:colcon.colcon_core.package_discovery:discover_packages(path) discover
[0.071s] Level 1:colcon.colcon_core.package_discovery:discover_packages(path) using defaults
[0.077s] Level 5:colcon.colcon_core.verb:set package 'sim_core' build argument 'cmake_args' from command line to 'None'
[0.077s] Level 5:colcon.colcon_core.verb:set package 'sim_core' build argument 'cmake_target' from command line to 'None'
[0.077s] Level 5:colcon.colcon_core.verb:set package 'sim_core' build argument 'cmake_target_skip_unavailable' from command line to 'False'
[0.077s] Level 5:colcon.colcon_core.verb:set package 'sim_core' build argument 'cmake_clean_cache' from command line to 'False'
[0.077s] Level 5:colcon.colcon_core.verb:set package 'sim_core' build argument 'cmake_clean_first' from command line to 'False'
[0.077s] Level 5:colcon.colcon_core.verb:set package 'sim_core' build argument 'cmake_force_configure' from command line to 'False'
[0.077s] Level 5:colcon.colcon_core.verb:set package 'sim_core' build argument 'ament_cmake_args' from command line to 'None'
[0.077s] Level 5:colcon.colcon_core.verb:set package 'sim_core' build argument 'catkin_cmake_args' from command line to 'None'
[0.078s] Level 5:colcon.colcon_core.verb:set package 'sim_core' build argument 'catkin_skip_building_tests' from command line to 'False'
[0.078s] DEBUG:colcon.colcon_core.verb:Building package 'sim_core' with the following arguments: {'ament_cmake_args': None, 'build_base': '/root/ws/build/sim_core', 'catkin_cmake_args': None, 'catkin_skip_building_tests': False, 'cmake_args': None, 'cmake_clean_cache': False, 'cmake_clean_first': False, 'cmake_force_configure': False, 'cmake_target': None, 'cmake_target_skip_unavailable': False, 'install_base': '/root/ws/install/sim_core', 'merge_install': False, 'path': '/root/ws/ws/src/sim_core', 'symlink_install': False, 'test_result_base': None}
[0.078s] INFO:colcon.colcon_core.executor:Executing jobs using 'parallel' executor
[0.078s] DEBUG:colcon.colcon_parallel_executor.executor.parallel:run_until_complete
[0.078s] INFO:colcon.colcon_ros.task.ament_python.build:Building ROS package in '/root/ws/ws/src/sim_core' with build type 'ament_python'
[0.078s] Level 1:colcon.colcon_core.shell:create_environment_hook('sim_core', 'ament_prefix_path')
[0.079s] INFO:colcon.colcon_core.plugin_system:Skipping extension 'colcon_core.shell.bat': Not used on non-Windows systems
[0.079s] INFO:colcon.colcon_core.shell:Creating environment hook '/root/ws/install/sim_core/share/sim_core/hook/ament_prefix_path.ps1'
[0.081s] INFO:colcon.colcon_core.shell:Creating environment descriptor '/root/ws/install/sim_core/share/sim_core/hook/ament_prefix_path.dsv'
[0.082s] INFO:colcon.colcon_core.shell:Creating environment hook '/root/ws/install/sim_core/share/sim_core/hook/ament_prefix_path.sh'
[0.082s] INFO:colcon.colcon_core.shell:Skip shell extension 'powershell' for command environment: Not usable outside of PowerShell
[0.082s] DEBUG:colcon.colcon_core.shell:Skip shell extension 'dsv' for command environment
[0.161s] INFO:colcon.colcon_core.task.python.build:Building Python package in '/root/ws/ws/src/sim_core'
[0.161s] INFO:colcon.colcon_core.shell:Skip shell extension 'powershell' for command environment: Not usable outside of PowerShell
[0.161s] DEBUG:colcon.colcon_core.shell:Skip shell extension 'dsv' for command environment
[0.413s] DEBUG:colcon.colcon_core.event_handler.log_command:Invoking command in '/root/ws/ws/src/sim_core': PYTHONPATH=/root/ws/build/sim_core/prefix_override:/usr/lib/python3/dist-packages/colcon_core/task/python/colcon_distutils_commands:/root/ws/install/sim_core/lib/python3.12/site-packages:${PYTHONPATH} /usr/bin/python3 -W ignore:setup.py install is deprecated -W ignore:easy_install command is deprecated setup.py egg_info --egg-base ../../../build/sim_core build --build-base /root/ws/build/sim_core/build install --record /root/ws/build/sim_core/install.log --install-scripts $base/lib/sim_core --single-version-externally-managed install_data
[0.610s] DEBUG:colcon.colcon_core.event_handler.log_command:Invoked command in '/root/ws/ws/src/sim_core' returned '0': PYTHONPATH=/root/ws/build/sim_core/prefix_override:/usr/lib/python3/dist-packages/colcon_core/task/python/colcon_distutils_commands:/root/ws/install/sim_core/lib/python3.12/site-packages:${PYTHONPATH} /usr/bin/python3 -W ignore:setup.py install is deprecated -W ignore:easy_install command is deprecated setup.py egg_info --egg-base ../../../build/sim_core build --build-base /root/ws/build/sim_core/build install --record /root/ws/build/sim_core/install.log --install-scripts $base/lib/sim_core --single-version-externally-managed install_data
[0.613s] Level 1:colcon.colcon_core.environment:checking '/root/ws/install/sim_core' for CMake module files
[0.614s] Level 1:colcon.colcon_core.environment:checking '/root/ws/install/sim_core' for CMake config files
[0.615s] Level 1:colcon.colcon_core.environment:checking '/root/ws/install/sim_core/lib'
[0.616s] Level 1:colcon.colcon_core.environment:checking '/root/ws/install/sim_core/bin'
[0.616s] Level 1:colcon.colcon_core.environment:checking '/root/ws/install/sim_core/lib/pkgconfig/sim_core.pc'
[0.616s] Level 1:colcon.colcon_core.environment:checking '/root/ws/install/sim_core/lib/python3.12/site-packages'
[0.616s] Level 1:colcon.colcon_core.shell:create_environment_hook('sim_core', 'pythonpath')
[0.616s] INFO:colcon.colcon_core.shell:Creating environment hook '/root/ws/install/sim_core/share/sim_core/hook/pythonpath.ps1'
[0.616s] INFO:colcon.colcon_core.shell:Creating environment descriptor '/root/ws/install/sim_core/share/sim_core/hook/pythonpath.dsv'
[0.617s] INFO:colcon.colcon_core.shell:Creating environment hook '/root/ws/install/sim_core/share/sim_core/hook/pythonpath.sh'
[0.617s] Level 1:colcon.colcon_core.environment:checking '/root/ws/install/sim_core/bin'
[0.617s] Level 1:colcon.colcon_core.environment:create_environment_scripts_only(sim_core)
[0.617s] INFO:colcon.colcon_core.shell:Creating package script '/root/ws/install/sim_core/share/sim_core/package.ps1'
[0.618s] INFO:colcon.colcon_core.shell:Creating package descriptor '/root/ws/install/sim_core/share/sim_core/package.dsv'
[0.619s] INFO:colcon.colcon_core.shell:Creating package script '/root/ws/install/sim_core/share/sim_core/package.sh'
[0.619s] INFO:colcon.colcon_core.shell:Creating package script '/root/ws/install/sim_core/share/sim_core/package.bash'
[0.620s] INFO:colcon.colcon_core.shell:Creating package script '/root/ws/install/sim_core/share/sim_core/package.zsh'
[0.620s] Level 1:colcon.colcon_core.environment:create_file_with_runtime_dependencies(/root/ws/install/sim_core/share/colcon-core/packages/sim_core)
[0.621s] DEBUG:colcon.colcon_parallel_executor.executor.parallel:closing loop
[0.621s] DEBUG:colcon.colcon_parallel_executor.executor.parallel:loop closed
[0.621s] DEBUG:colcon.colcon_parallel_executor.executor.parallel:run_until_complete finished with '0'
[0.621s] DEBUG:colcon.colcon_core.event_reactor:joining thread
[0.624s] INFO:colcon.colcon_core.plugin_system:Skipping extension 'colcon_notification.desktop_notification.notify_send': Could not find 'notify-send'
[0.624s] INFO:colcon.colcon_core.plugin_system:Skipping extension 'colcon_notification.desktop_notification.terminal_notifier': Not used on non-Darwin systems
[0.624s] INFO:colcon.colcon_core.plugin_system:Skipping extension 'colcon_notification.desktop_notification.win32': Not used on non-Windows systems
[0.624s] INFO:colcon.colcon_notification.desktop_notification:Sending desktop notification using 'notify2'
[0.624s] DEBUG:colcon.colcon_notification.desktop_notification.notify2:Failed to initialize notify2: org.freedesktop.DBus.Error.NotSupported: Unable to autolaunch a dbus-daemon without a $DISPLAY for X11
[0.624s] DEBUG:colcon.colcon_core.event_reactor:joined thread
[0.624s] INFO:colcon.colcon_core.shell:Creating prefix script '/root/ws/install/local_setup.ps1'
[0.625s] INFO:colcon.colcon_core.shell:Creating prefix util module '/root/ws/install/_local_setup_util_ps1.py'
[0.625s] INFO:colcon.colcon_core.shell:Creating prefix chain script '/root/ws/install/setup.ps1'
[0.626s] INFO:colcon.colcon_core.shell:Creating prefix script '/root/ws/install/local_setup.sh'
[0.626s] INFO:colcon.colcon_core.shell:Creating prefix util module '/root/ws/install/_local_setup_util_sh.py'
[0.627s] INFO:colcon.colcon_core.shell:Creating prefix chain script '/root/ws/install/setup.sh'
[0.627s] INFO:colcon.colcon_core.shell:Creating prefix script '/root/ws/install/local_setup.bash'
[0.627s] INFO:colcon.colcon_core.shell:Creating prefix chain script '/root/ws/install/setup.bash'
[0.628s] INFO:colcon.colcon_core.shell:Creating prefix script '/root/ws/install/local_setup.zsh'
[0.628s] INFO:colcon.colcon_core.shell:Creating prefix chain script '/root/ws/install/setup.zsh'
