[0.247s] Invoking command in '/root/ws/ws/src/sim_core': PYTHONPATH=/root/ws/build/sim_core/prefix_override:/usr/lib/python3/dist-packages/colcon_core/task/python/colcon_distutils_commands:/root/ws/install/sim_core/lib/python3.12/site-packages:${PYTHONPATH} /usr/bin/python3 -W ignore:setup.py install is deprecated -W ignore:easy_install command is deprecated setup.py egg_info --egg-base ../../../build/sim_core build --build-base /root/ws/build/sim_core/build install --record /root/ws/build/sim_core/install.log --install-scripts $base/lib/sim_core --single-version-externally-managed install_data
[0.292s] /usr/lib/python3/dist-packages/setuptools/dist.py:744: SetuptoolsDeprecationWarning: Invalid dash-separated options
[0.292s] !!
[0.293s] 
[0.293s]         ********************************************************************************
[0.296s]         Usage of dash-separated 'script-dir' will not be supported in future
[0.296s]         versions. Please use the underscore name 'script_dir' instead.
[0.296s] 
[0.297s]         This deprecation is overdue, please update your project and remove deprecated
[0.297s]         calls to avoid build errors in the future.
[0.297s] 
[0.297s]         See https://setuptools.pypa.io/en/latest/userguide/declarative_config.html for details.
[0.297s]         ********************************************************************************
[0.297s] 
[0.297s] !!
[0.297s]   opt = self.warn_dash_deprecation(opt, section)
[0.328s] running egg_info
[0.332s] writing ../../../build/sim_core/sim_core.egg-info/PKG-INFO
[0.332s] writing dependency_links to ../../../build/sim_core/sim_core.egg-info/dependency_links.txt
[0.333s] writing entry points to ../../../build/sim_core/sim_core.egg-info/entry_points.txt
[0.333s] writing requirements to ../../../build/sim_core/sim_core.egg-info/requires.txt
[0.333s] writing top-level names to ../../../build/sim_core/sim_core.egg-info/top_level.txt
[0.344s] reading manifest file '../../../build/sim_core/sim_core.egg-info/SOURCES.txt'
[0.345s] writing manifest file '../../../build/sim_core/sim_core.egg-info/SOURCES.txt'
[0.346s] running build
[0.346s] running build_py
[0.346s] copying sim_core/__init__.py -> /root/ws/build/sim_core/build/lib/sim_core
[0.350s] running install
[0.352s] running install_lib
[0.354s] copying /root/ws/build/sim_core/build/lib/sim_core/__init__.py -> /root/ws/install/sim_core/lib/python3.12/site-packages/sim_core
[0.355s] byte-compiling /root/ws/install/sim_core/lib/python3.12/site-packages/sim_core/__init__.py to __init__.cpython-312.pyc
[0.356s] running install_data
[0.357s] running install_egg_info
[0.362s] removing '/root/ws/install/sim_core/lib/python3.12/site-packages/sim_core-0.0.1-py3.12.egg-info' (and everything under it)
[0.363s] Copying ../../../build/sim_core/sim_core.egg-info to /root/ws/install/sim_core/lib/python3.12/site-packages/sim_core-0.0.1-py3.12.egg-info
[0.368s] running install_scripts
[0.405s] Installing mimic_perception script to /root/ws/install/sim_core/lib/sim_core
[0.406s] Installing vehicle_dynamics script to /root/ws/install/sim_core/lib/sim_core
[0.407s] writing list of installed files to '/root/ws/build/sim_core/install.log'
[0.419s] Invoked command in '/root/ws/ws/src/sim_core' returned '0': PYTHONPATH=/root/ws/build/sim_core/prefix_override:/usr/lib/python3/dist-packages/colcon_core/task/python/colcon_distutils_commands:/root/ws/install/sim_core/lib/python3.12/site-packages:${PYTHONPATH} /usr/bin/python3 -W ignore:setup.py install is deprecated -W ignore:easy_install command is deprecated setup.py egg_info --egg-base ../../../build/sim_core build --build-base /root/ws/build/sim_core/build install --record /root/ws/build/sim_core/install.log --install-scripts $base/lib/sim_core --single-version-externally-managed install_data
