[0.316s] Invoking command in '/root/ws/build/sim_core': PYTHONPATH=/root/ws/build/sim_core/prefix_override:/usr/lib/python3/dist-packages/colcon_core/task/python/colcon_distutils_commands:/root/ws/install/sim_core/lib/python3.12/site-packages:${PYTHONPATH} /usr/bin/python3 -W ignore:setup.py install is deprecated -W ignore:easy_install command is deprecated setup.py develop --editable --build-directory /root/ws/build/sim_core/build --no-deps symlink_data --force
[0.417s] running develop
[0.468s] running egg_info
[0.469s] writing sim_core.egg-info/PKG-INFO
[0.470s] writing dependency_links to sim_core.egg-info/dependency_links.txt
[0.470s] writing entry points to sim_core.egg-info/entry_points.txt
[0.471s] writing requirements to sim_core.egg-info/requires.txt
[0.471s] writing top-level names to sim_core.egg-info/top_level.txt
[0.483s] reading manifest file 'sim_core.egg-info/SOURCES.txt'
[0.485s] writing manifest file 'sim_core.egg-info/SOURCES.txt'
[0.490s] running build_ext
[0.491s] Creating /root/ws/install/sim_core/lib/python3.12/site-packages/sim-core.egg-link (link to .)
[0.492s] Installing mimic_perception script to /root/ws/install/sim_core/lib/sim_core
[0.492s] Installing sim_loop script to /root/ws/install/sim_core/lib/sim_core
[0.493s] Installing vehicle_dynamics script to /root/ws/install/sim_core/lib/sim_core
[0.493s] 
[0.494s] Installed /root/ws/build/sim_core
[0.494s] running symlink_data
[0.494s] symbolically linking /root/ws/build/sim_core/resource/sim_core -> /root/ws/install/sim_core/share/ament_index/resource_index/packages
[0.495s] symbolically linking /root/ws/build/sim_core/package.xml -> /root/ws/install/sim_core/share/sim_core
[0.495s] symbolically linking /root/ws/build/sim_core/README.md -> /root/ws/install/sim_core/share/sim_core
[0.495s] symbolically linking /root/ws/build/sim_core/launch/sim_launch.py -> /root/ws/install/sim_core/share/sim_core/launch
[0.499s] symbolically linking /root/ws/build/sim_core/launch/sim_rviz.launch.py -> /root/ws/install/sim_core/share/sim_core/launch
[0.510s] Invoked command in '/root/ws/build/sim_core' returned '0': PYTHONPATH=/root/ws/build/sim_core/prefix_override:/usr/lib/python3/dist-packages/colcon_core/task/python/colcon_distutils_commands:/root/ws/install/sim_core/lib/python3.12/site-packages:${PYTHONPATH} /usr/bin/python3 -W ignore:setup.py install is deprecated -W ignore:easy_install command is deprecated setup.py develop --editable --build-directory /root/ws/build/sim_core/build --no-deps symlink_data --force
