/root/ws/install/sim_core/lib/python3.12/site-packages/sim_core/__init__.py
/root/ws/install/sim_core/lib/python3.12/site-packages/sim_core/vehicle_dynamics.py
/root/ws/install/sim_core/lib/python3.12/site-packages/sim_core/mimic_perception.py
/root/ws/install/sim_core/lib/python3.12/site-packages/sim_core/state.py
/root/ws/install/sim_core/lib/python3.12/site-packages/sim_core/__pycache__/__init__.cpython-312.pyc
/root/ws/install/sim_core/lib/python3.12/site-packages/sim_core/__pycache__/vehicle_dynamics.cpython-312.pyc
/root/ws/install/sim_core/lib/python3.12/site-packages/sim_core/__pycache__/mimic_perception.cpython-312.pyc
/root/ws/install/sim_core/lib/python3.12/site-packages/sim_core/__pycache__/state.cpython-312.pyc
/root/ws/install/sim_core/share/ament_index/resource_index/packages/sim_core
/root/ws/install/sim_core/share/sim_core/package.xml
/root/ws/install/sim_core/share/sim_core/README.md
/root/ws/install/sim_core/share/sim_core/launch/sim_launch.py
/root/ws/install/sim_core/lib/python3.12/site-packages/sim_core-0.0.1-py3.12.egg-info/PKG-INFO
/root/ws/install/sim_core/lib/python3.12/site-packages/sim_core-0.0.1-py3.12.egg-info/zip-safe
/root/ws/install/sim_core/lib/python3.12/site-packages/sim_core-0.0.1-py3.12.egg-info/SOURCES.txt
/root/ws/install/sim_core/lib/python3.12/site-packages/sim_core-0.0.1-py3.12.egg-info/entry_points.txt
/root/ws/install/sim_core/lib/python3.12/site-packages/sim_core-0.0.1-py3.12.egg-info/requires.txt
/root/ws/install/sim_core/lib/python3.12/site-packages/sim_core-0.0.1-py3.12.egg-info/top_level.txt
/root/ws/install/sim_core/lib/python3.12/site-packages/sim_core-0.0.1-py3.12.egg-info/dependency_links.txt
/root/ws/install/sim_core/lib/sim_core/mimic_perception
/root/ws/install/sim_core/lib/sim_core/vehicle_dynamics
